<?xml version="1.0" encoding="UTF-8"?>
<testsuite xmlns:xsi="http://www.w3.org/2001/XMLSchema-instance" xsi:noNamespaceSchemaLocation="https://maven.apache.org/surefire/maven-surefire-plugin/xsd/surefire-test-report.xsd" version="3.0.1" name="com.example.service.MyTest" time="0.055" tests="5" errors="0" skipped="0" failures="0">
  <properties>
[...]
</properties>
  <testcase name="divideTest" classname="com.example.service.MyTest" time="0.001"/>
  <testcase name="addTest" classname="com.example.service.MyTest" time="0.0"/>
  <testcase name="divideByZeroTest" classname="com.example.service.MyTest" time="0.0"/>
  <testcase name="multiplyTest" classname="com.example.service.MyTest" time="0.0"/>
  <testcase name="subtractTest" classname="com.example.service.MyTest" time="0.0"/>
</testsuite>